<?xml version="1.0" encoding="utf-8"?><testsuites name="pytest tests"><testsuite name="pytest" errors="0" failures="0" skipped="0" tests="17" time="4.224" timestamp="2026-05-18T19:31:43.732642+00:00" hostname="agent-env-bdf5d5fb-d551-41a5-8475-d74a53554c66"><testcase classname="backend.tests.test_javahost.TestAuth" name="test_login_invalid" time="0.525" /><testcase classname="backend.tests.test_javahost.TestAuth" name="test_login_success_sets_cookie" time="0.361" /><testcase classname="backend.tests.test_javahost.TestAuth" name="test_register_and_me" time="0.524" /><testcase classname="backend.tests.test_javahost.TestAuth" name="test_register_duplicate" time="0.437" /><testcase classname="backend.tests.test_javahost.TestAuth" name="test_me_unauth" time="0.140" /><testcase classname="backend.tests.test_javahost.TestAuth" name="test_logout" time="0.445" /><testcase classname="backend.tests.test_javahost.TestProjects" name="test_create_project" time="0.076" /><testcase classname="backend.tests.test_javahost.TestProjects" name="test_list_projects" time="0.077" /><testcase classname="backend.tests.test_javahost.TestProjects" name="test_get_project" time="0.079" /><testcase classname="backend.tests.test_javahost.TestProjects" name="test_get_project_not_found" time="0.093" /><testcase classname="backend.tests.test_javahost.TestProjects" name="test_create_deployment" time="0.085" /><testcase classname="backend.tests.test_javahost.TestProjects" name="test_complete_deployment" time="0.163" /><testcase classname="backend.tests.test_javahost.TestProjects" name="test_list_project_deployments" time="0.077" /><testcase classname="backend.tests.test_javahost.TestProjects" name="test_env_var_crud" time="0.313" /><testcase classname="backend.tests.test_javahost.TestProjects" name="test_domain_crud" time="0.231" /><testcase classname="backend.tests.test_javahost.TestProjects" name="test_delete_project" time="0.160" /><testcase classname="backend.tests.test_javahost.TestProjects" name="test_unauth_project_access" time="0.217" /></testsuite></testsuites>